[2023-12-19 21:53:13] This is codeql database index-files --include-extension=.yaml --include-extension=.yml --size-limit=5m --language yaml -- D:\CyberSec\CodeQL\codeql-zero-to-hero\example-codeql-db
[2023-12-19 21:53:13] Log file was started late.
[2023-12-19 21:53:13] Using index-files script C:\Users\User\codeql-home\codeql-bundle\codeql\yaml\tools\index-files.cmd.
[2023-12-19 21:53:13] [PROGRESS] database index-files> Scanning for files in D:\CyberSec\CodeQL\codeql-zero-to-hero...
[2023-12-19 21:53:13] Calling plumbing command: codeql resolve files --include-extension=.yaml --include-extension=.yml --size-limit=5m D:\CyberSec\CodeQL\codeql-zero-to-hero --format=json
[2023-12-19 21:53:13] [PROGRESS] resolve files> Scanning D:\CyberSec\CodeQL\codeql-zero-to-hero...
[2023-12-19 21:53:13] [PROGRESS] resolve files> Scanning D:\CyberSec\CodeQL\codeql-zero-to-hero\.git...
[2023-12-19 21:53:13] [PROGRESS] resolve files> Scanning D:\CyberSec\CodeQL\codeql-zero-to-hero\.git\hooks...
[2023-12-19 21:53:13] [PROGRESS] resolve files> Scanning D:\CyberSec\CodeQL\codeql-zero-to-hero\.git\info...
[2023-12-19 21:53:13] [PROGRESS] resolve files> Scanning D:\CyberSec\CodeQL\codeql-zero-to-hero\.git\refs...
[2023-12-19 21:53:13] [PROGRESS] resolve files> Scanning D:\CyberSec\CodeQL\codeql-zero-to-hero\.git\refs\heads...
[2023-12-19 21:53:13] [PROGRESS] resolve files> Scanning D:\CyberSec\CodeQL\codeql-zero-to-hero\.git\refs\tags...
[2023-12-19 21:53:13] [PROGRESS] resolve files> Scanning D:\CyberSec\CodeQL\codeql-zero-to-hero\.git\refs\remotes...
[2023-12-19 21:53:13] [PROGRESS] resolve files> Scanning D:\CyberSec\CodeQL\codeql-zero-to-hero\.git\refs\remotes\origin...
[2023-12-19 21:53:13] [PROGRESS] resolve files> Scanning D:\CyberSec\CodeQL\codeql-zero-to-hero\.git\objects...
[2023-12-19 21:53:13] [PROGRESS] resolve files> Scanning D:\CyberSec\CodeQL\codeql-zero-to-hero\.git\objects\pack...
[2023-12-19 21:53:13] [PROGRESS] resolve files> Scanning D:\CyberSec\CodeQL\codeql-zero-to-hero\.git\objects\info...
[2023-12-19 21:53:13] [PROGRESS] resolve files> Scanning D:\CyberSec\CodeQL\codeql-zero-to-hero\.git\logs...
[2023-12-19 21:53:13] [PROGRESS] resolve files> Scanning D:\CyberSec\CodeQL\codeql-zero-to-hero\.git\logs\refs...
[2023-12-19 21:53:13] [PROGRESS] resolve files> Scanning D:\CyberSec\CodeQL\codeql-zero-to-hero\.git\logs\refs\remotes...
[2023-12-19 21:53:13] [PROGRESS] resolve files> Scanning D:\CyberSec\CodeQL\codeql-zero-to-hero\.git\logs\refs\remotes\origin...
[2023-12-19 21:53:13] [PROGRESS] resolve files> Scanning D:\CyberSec\CodeQL\codeql-zero-to-hero\.git\logs\refs\heads...
[2023-12-19 21:53:13] [PROGRESS] resolve files> Scanning D:\CyberSec\CodeQL\codeql-zero-to-hero\1...
[2023-12-19 21:53:13] [PROGRESS] resolve files> Scanning D:\CyberSec\CodeQL\codeql-zero-to-hero\1\challenge-1...
[2023-12-19 21:53:13] [PROGRESS] resolve files> Scanning D:\CyberSec\CodeQL\codeql-zero-to-hero\1\challenge-2...
[2023-12-19 21:53:13] [PROGRESS] resolve files> Scanning D:\CyberSec\CodeQL\codeql-zero-to-hero\1\challenge-3...
[2023-12-19 21:53:13] [PROGRESS] resolve files> Scanning D:\CyberSec\CodeQL\codeql-zero-to-hero\2...
[2023-12-19 21:53:13] [PROGRESS] resolve files> Scanning D:\CyberSec\CodeQL\codeql-zero-to-hero\2\challenge-1...
[2023-12-19 21:53:13] [PROGRESS] resolve files> Scanning D:\CyberSec\CodeQL\codeql-zero-to-hero\2\challenge-10...
[2023-12-19 21:53:13] [PROGRESS] resolve files> Scanning D:\CyberSec\CodeQL\codeql-zero-to-hero\2\challenge-11...
[2023-12-19 21:53:13] [PROGRESS] resolve files> Scanning D:\CyberSec\CodeQL\codeql-zero-to-hero\2\challenge-12...
[2023-12-19 21:53:13] [PROGRESS] resolve files> Scanning D:\CyberSec\CodeQL\codeql-zero-to-hero\2\challenge-2...
[2023-12-19 21:53:13] [PROGRESS] resolve files> Scanning D:\CyberSec\CodeQL\codeql-zero-to-hero\2\challenge-3...
[2023-12-19 21:53:13] [PROGRESS] resolve files> Scanning D:\CyberSec\CodeQL\codeql-zero-to-hero\2\challenge-4...
[2023-12-19 21:53:13] [PROGRESS] resolve files> Scanning D:\CyberSec\CodeQL\codeql-zero-to-hero\2\challenge-5...
[2023-12-19 21:53:13] [PROGRESS] resolve files> Scanning D:\CyberSec\CodeQL\codeql-zero-to-hero\2\challenge-6...
[2023-12-19 21:53:13] [PROGRESS] resolve files> Scanning D:\CyberSec\CodeQL\codeql-zero-to-hero\2\challenge-7...
[2023-12-19 21:53:13] [PROGRESS] resolve files> Scanning D:\CyberSec\CodeQL\codeql-zero-to-hero\2\challenge-8...
[2023-12-19 21:53:13] [PROGRESS] resolve files> Scanning D:\CyberSec\CodeQL\codeql-zero-to-hero\2\challenge-9...
[2023-12-19 21:53:13] [PROGRESS] resolve files> Scanning D:\CyberSec\CodeQL\codeql-zero-to-hero\images...
[2023-12-19 21:53:13] [PROGRESS] resolve files> Scanning D:\CyberSec\CodeQL\codeql-zero-to-hero\example-codeql-db...
[2023-12-19 21:53:13] [PROGRESS] resolve files> Scanning D:\CyberSec\CodeQL\codeql-zero-to-hero\example-codeql-db\log...
[2023-12-19 21:53:13] [PROGRESS] resolve files> Scanning D:\CyberSec\CodeQL\codeql-zero-to-hero\example-codeql-db\diagnostic...
[2023-12-19 21:53:13] [PROGRESS] resolve files> Scanning D:\CyberSec\CodeQL\codeql-zero-to-hero\example-codeql-db\diagnostic\tracer...
[2023-12-19 21:53:13] [PROGRESS] resolve files> Scanning D:\CyberSec\CodeQL\codeql-zero-to-hero\example-codeql-db\diagnostic\extractors...
[2023-12-19 21:53:13] [PROGRESS] resolve files> Scanning D:\CyberSec\CodeQL\codeql-zero-to-hero\example-codeql-db\diagnostic\extractors\python...
[2023-12-19 21:53:13] [PROGRESS] resolve files> Scanning D:\CyberSec\CodeQL\codeql-zero-to-hero\example-codeql-db\working...
[2023-12-19 21:53:13] [PROGRESS] resolve files> Scanning D:\CyberSec\CodeQL\codeql-zero-to-hero\example-codeql-db\working\emptyi28f9ofz...
[2023-12-19 21:53:13] [PROGRESS] resolve files> Scanning D:\CyberSec\CodeQL\codeql-zero-to-hero\example-codeql-db\working\trap_cache...
[2023-12-19 21:53:13] [PROGRESS] resolve files> Scanning D:\CyberSec\CodeQL\codeql-zero-to-hero\example-codeql-db\working\trap_cache\1...
[2023-12-19 21:53:13] [PROGRESS] resolve files> Scanning D:\CyberSec\CodeQL\codeql-zero-to-hero\example-codeql-db\working\trap_cache\2...
[2023-12-19 21:53:13] [PROGRESS] resolve files> Scanning D:\CyberSec\CodeQL\codeql-zero-to-hero\example-codeql-db\working\trap_cache\3...
[2023-12-19 21:53:13] [PROGRESS] resolve files> Scanning D:\CyberSec\CodeQL\codeql-zero-to-hero\example-codeql-db\trap...
[2023-12-19 21:53:13] [PROGRESS] resolve files> Scanning D:\CyberSec\CodeQL\codeql-zero-to-hero\example-codeql-db\trap\python...
[2023-12-19 21:53:13] [PROGRESS] resolve files> Scanning D:\CyberSec\CodeQL\codeql-zero-to-hero\example-codeql-db\src...
[2023-12-19 21:53:13] [PROGRESS] resolve files> Scanning D:\CyberSec\CodeQL\codeql-zero-to-hero\example-codeql-db\src\D_...
[2023-12-19 21:53:13] [PROGRESS] resolve files> Scanning D:\CyberSec\CodeQL\codeql-zero-to-hero\example-codeql-db\src\D_\CyberSec...
[2023-12-19 21:53:13] [PROGRESS] resolve files> Scanning D:\CyberSec\CodeQL\codeql-zero-to-hero\example-codeql-db\src\D_\CyberSec\CodeQL...
[2023-12-19 21:53:13] [PROGRESS] resolve files> Scanning D:\CyberSec\CodeQL\codeql-zero-to-hero\example-codeql-db\src\D_\CyberSec\CodeQL\codeql-zero-to-hero...
[2023-12-19 21:53:13] [PROGRESS] resolve files> Scanning D:\CyberSec\CodeQL\codeql-zero-to-hero\example-codeql-db\src\D_\CyberSec\CodeQL\codeql-zero-to-hero\2...
[2023-12-19 21:53:13] [PROGRESS] resolve files> Scanning D:\CyberSec\CodeQL\codeql-zero-to-hero\example-codeql-db\src\D_\CyberSec\CodeQL\codeql-zero-to-hero\2\challenge-1...
[2023-12-19 21:53:13] [PROGRESS] resolve files> Scanning D:\CyberSec\CodeQL\codeql-zero-to-hero\example-codeql-db\src\C_...
[2023-12-19 21:53:13] [PROGRESS] resolve files> Scanning D:\CyberSec\CodeQL\codeql-zero-to-hero\example-codeql-db\src\C_\Users...
[2023-12-19 21:53:13] [PROGRESS] resolve files> Scanning D:\CyberSec\CodeQL\codeql-zero-to-hero\example-codeql-db\src\C_\Users\User...
[2023-12-19 21:53:13] [PROGRESS] resolve files> Scanning D:\CyberSec\CodeQL\codeql-zero-to-hero\example-codeql-db\src\C_\Users\User\AppData...
[2023-12-19 21:53:13] [PROGRESS] resolve files> Scanning D:\CyberSec\CodeQL\codeql-zero-to-hero\example-codeql-db\src\C_\Users\User\AppData\Local...
[2023-12-19 21:53:13] [PROGRESS] resolve files> Scanning D:\CyberSec\CodeQL\codeql-zero-to-hero\example-codeql-db\src\C_\Users\User\AppData\Local\Programs...
[2023-12-19 21:53:13] [PROGRESS] resolve files> Scanning D:\CyberSec\CodeQL\codeql-zero-to-hero\example-codeql-db\src\C_\Users\User\AppData\Local\Programs\Python...
[2023-12-19 21:53:13] [PROGRESS] resolve files> Scanning D:\CyberSec\CodeQL\codeql-zero-to-hero\example-codeql-db\src\C_\Users\User\AppData\Local\Programs\Python\Python312...
[2023-12-19 21:53:13] [PROGRESS] resolve files> Scanning D:\CyberSec\CodeQL\codeql-zero-to-hero\example-codeql-db\src\C_\Users\User\AppData\Local\Programs\Python\Python312\Lib...
[2023-12-19 21:53:13] [PROGRESS] resolve files> Scanning D:\CyberSec\CodeQL\codeql-zero-to-hero\example-codeql-db\src\C_\Users\User\AppData\Local\Programs\Python\Python312\Lib\re...
[2023-12-19 21:53:13] [PROGRESS] resolve files> Scanning D:\CyberSec\CodeQL\codeql-zero-to-hero\example-codeql-db\src\C_\Users\User\AppData\Local\Programs\Python\Python312\Lib\collections...
[2023-12-19 21:53:13] [PROGRESS] resolve files> Scanning D:\CyberSec\CodeQL\codeql-zero-to-hero\example-codeql-db\src\C_\Users\User\AppData\Local\Programs\Python\Python312\Lib\encodings...
[2023-12-19 21:53:13] [PROGRESS] resolve files> Scanning D:\CyberSec\CodeQL\codeql-zero-to-hero\example-codeql-db\src\C_\Users\User\AppData\Local\Programs\Python\Python312\Lib\unittest...
[2023-12-19 21:53:13] [PROGRESS] resolve files> Scanning D:\CyberSec\CodeQL\codeql-zero-to-hero\example-codeql-db\src\C_\Users\User\AppData\Local\Programs\Python\Python312\Lib\importlib...
[2023-12-19 21:53:13] [PROGRESS] resolve files> Scanning D:\CyberSec\CodeQL\codeql-zero-to-hero\example-codeql-db\src\C_\Users\User\AppData\Local\Programs\Python\Python312\Lib\asyncio...
[2023-12-19 21:53:13] [PROGRESS] resolve files> Scanning D:\CyberSec\CodeQL\codeql-zero-to-hero\example-codeql-db\src\C_\Users\User\AppData\Local\Programs\Python\Python312\Lib\email...
[2023-12-19 21:53:13] [PROGRESS] resolve files> Scanning D:\CyberSec\CodeQL\codeql-zero-to-hero\example-codeql-db\src\C_\Users\User\AppData\Local\Programs\Python\Python312\Lib\urllib...
[2023-12-19 21:53:13] [PROGRESS] resolve files> Scanning D:\CyberSec\CodeQL\codeql-zero-to-hero\example-codeql-db\src\C_\Users\User\AppData\Local\Programs\Python\Python312\Lib\http...
[2023-12-19 21:53:13] [PROGRESS] resolve files> Scanning D:\CyberSec\CodeQL\codeql-zero-to-hero\example-codeql-db\src\C_\Users\User\AppData\Local\Programs\Python\Python312\Lib\concurrent...
[2023-12-19 21:53:13] [PROGRESS] resolve files> Scanning D:\CyberSec\CodeQL\codeql-zero-to-hero\example-codeql-db\src\C_\Users\User\AppData\Local\Programs\Python\Python312\Lib\concurrent\futures...
[2023-12-19 21:53:13] [PROGRESS] resolve files> Scanning D:\CyberSec\CodeQL\codeql-zero-to-hero\example-codeql-db\src\C_\Users\User\AppData\Local\Programs\Python\Python312\Lib\logging...
[2023-12-19 21:53:13] [PROGRESS] resolve files> Scanning D:\CyberSec\CodeQL\codeql-zero-to-hero\example-codeql-db\src\C_\Users\User\AppData\Local\Programs\Python\Python312\Lib\multiprocessing...
[2023-12-19 21:53:13] [PROGRESS] resolve files> Scanning D:\CyberSec\CodeQL\codeql-zero-to-hero\example-codeql-db\src\C_\Users\User\AppData\Local\Programs\Python\Python312\Lib\html...
[2023-12-19 21:53:13] [PROGRESS] resolve files> Scanning D:\CyberSec\CodeQL\codeql-zero-to-hero\example-codeql-db\src\C_\Users\User\AppData\Local\Programs\Python\Python312\Lib\zipfile...
[2023-12-19 21:53:13] [PROGRESS] resolve files> Scanning D:\CyberSec\CodeQL\codeql-zero-to-hero\example-codeql-db\src\C_\Users\User\AppData\Local\Programs\Python\Python312\Lib\zipfile\_path...
[2023-12-19 21:53:13] [PROGRESS] resolve files> Scanning D:\CyberSec\CodeQL\codeql-zero-to-hero\example-codeql-db\src\C_\Users\User\AppData\Local\Programs\Python\Python312\Lib\test...
[2023-12-19 21:53:13] [PROGRESS] resolve files> Scanning D:\CyberSec\CodeQL\codeql-zero-to-hero\example-codeql-db\src\C_\Users\User\AppData\Local\Programs\Python\Python312\Lib\test\support...
[2023-12-19 21:53:13] [PROGRESS] resolve files> Scanning D:\CyberSec\CodeQL\codeql-zero-to-hero\example-codeql-db\src\C_\Users\User\AppData\Local\Programs\Python\Python312\Lib\ctypes...
[2023-12-19 21:53:13] [PROGRESS] resolve files> Scanning D:\CyberSec\CodeQL\codeql-zero-to-hero\example-codeql-db\src\C_\Users\User\AppData\Local\Programs\Python\Python312\Lib\ctypes\macholib...
[2023-12-19 21:53:13] [PROGRESS] resolve files> Scanning D:\CyberSec\CodeQL\codeql-zero-to-hero\example-codeql-db\src\C_\Users\User\AppData\Local\Programs\Python\Python312\Lib\tkinter...
[2023-12-19 21:53:13] [PROGRESS] resolve files> Scanning D:\CyberSec\CodeQL\codeql-zero-to-hero\example-codeql-db\src\C_\Users\User\AppData\Local\Programs\Python\Python312\Lib\xmlrpc...
[2023-12-19 21:53:13] [PROGRESS] resolve files> Scanning D:\CyberSec\CodeQL\codeql-zero-to-hero\example-codeql-db\src\C_\Users\User\AppData\Local\Programs\Python\Python312\Lib\xml...
[2023-12-19 21:53:13] [PROGRESS] resolve files> Scanning D:\CyberSec\CodeQL\codeql-zero-to-hero\example-codeql-db\src\C_\Users\User\AppData\Local\Programs\Python\Python312\Lib\xml\parsers...
[2023-12-19 21:53:14] Plumbing command codeql resolve files completed:
                      [
                        "D:\\CyberSec\\CodeQL\\codeql-zero-to-hero\\example-codeql-db\\codeql-database.yml"
                      ]
[2023-12-19 21:53:14] [DETAILS] database index-files> Found 1 files.
[2023-12-19 21:53:14] [PROGRESS] database index-files> D:\CyberSec\CodeQL\codeql-zero-to-hero\example-codeql-db: Indexing files in in D:\CyberSec\CodeQL\codeql-zero-to-hero...
[2023-12-19 21:53:14] Using index-files script C:\Users\User\codeql-home\codeql-bundle\codeql\yaml\tools\index-files.cmd.
[2023-12-19 21:53:14] [PROGRESS] database index-files> Running command in D:\CyberSec\CodeQL\codeql-zero-to-hero: [C:\Users\User\codeql-home\codeql-bundle\codeql\yaml\tools\index-files.cmd, D:\CyberSec\CodeQL\codeql-zero-to-hero\example-codeql-db\working\files-to-index8611189518562392641.list]
[2023-12-19 21:53:17] Terminating normally.
