[2025-03-02 00:05:11] This is codeql database create example-codeql-db --language=python
[2025-03-02 00:05:11] Log file was started late.
[2025-03-02 00:05:11] [PROGRESS] database create> Initializing database at C:\Users\admin\codeql-home\codeql-db\codeql-zero-to-hero\example-codeql-db.
[2025-03-02 00:05:11] Running plumbing command: codeql database init --language=python --extractor-options-verbosity=1 --qlconfig-file=C:\Users\admin\codeql-home\codeql-db\codeql-zero-to-hero\qlconfig.yml --source-root=C:\Users\admin\codeql-home\codeql-db\codeql-zero-to-hero --allow-missing-source-root=false --allow-already-existing -- C:\Users\admin\codeql-home\codeql-db\codeql-zero-to-hero\example-codeql-db
[2025-03-02 00:05:11] Calling plumbing command: codeql resolve languages --extractor-options-verbosity=1 --format=betterjson
[2025-03-02 00:05:12] [DETAILS] resolve languages> Scanning for [codeql-extractor.yml] from C:\Users\admin\AppData\Local\GitHub CLI\extensions\gh-codeql\dist\release\v2.20.5\.codeqlmanifest.json
[2025-03-02 00:05:12] [DETAILS] resolve languages> Parsing C:\Users\admin\AppData\Local\GitHub CLI\extensions\gh-codeql\dist\release\v2.20.5\actions\codeql-extractor.yml.
[2025-03-02 00:05:12] [DETAILS] resolve languages> Parsing C:\Users\admin\AppData\Local\GitHub CLI\extensions\gh-codeql\dist\release\v2.20.5\cpp\codeql-extractor.yml.
[2025-03-02 00:05:12] [DETAILS] resolve languages> Parsing C:\Users\admin\AppData\Local\GitHub CLI\extensions\gh-codeql\dist\release\v2.20.5\csharp\codeql-extractor.yml.
[2025-03-02 00:05:12] [DETAILS] resolve languages> Parsing C:\Users\admin\AppData\Local\GitHub CLI\extensions\gh-codeql\dist\release\v2.20.5\csv\codeql-extractor.yml.
[2025-03-02 00:05:12] [DETAILS] resolve languages> Parsing C:\Users\admin\AppData\Local\GitHub CLI\extensions\gh-codeql\dist\release\v2.20.5\go\codeql-extractor.yml.
[2025-03-02 00:05:12] [DETAILS] resolve languages> Parsing C:\Users\admin\AppData\Local\GitHub CLI\extensions\gh-codeql\dist\release\v2.20.5\html\codeql-extractor.yml.
[2025-03-02 00:05:12] [DETAILS] resolve languages> Parsing C:\Users\admin\AppData\Local\GitHub CLI\extensions\gh-codeql\dist\release\v2.20.5\java\codeql-extractor.yml.
[2025-03-02 00:05:12] [DETAILS] resolve languages> Parsing C:\Users\admin\AppData\Local\GitHub CLI\extensions\gh-codeql\dist\release\v2.20.5\javascript\codeql-extractor.yml.
[2025-03-02 00:05:12] [DETAILS] resolve languages> Parsing C:\Users\admin\AppData\Local\GitHub CLI\extensions\gh-codeql\dist\release\v2.20.5\properties\codeql-extractor.yml.
[2025-03-02 00:05:12] [DETAILS] resolve languages> Parsing C:\Users\admin\AppData\Local\GitHub CLI\extensions\gh-codeql\dist\release\v2.20.5\python\codeql-extractor.yml.
[2025-03-02 00:05:12] [DETAILS] resolve languages> Parsing C:\Users\admin\AppData\Local\GitHub CLI\extensions\gh-codeql\dist\release\v2.20.5\ruby\codeql-extractor.yml.
[2025-03-02 00:05:12] [DETAILS] resolve languages> Parsing C:\Users\admin\AppData\Local\GitHub CLI\extensions\gh-codeql\dist\release\v2.20.5\swift\codeql-extractor.yml.
[2025-03-02 00:05:12] [DETAILS] resolve languages> Parsing C:\Users\admin\AppData\Local\GitHub CLI\extensions\gh-codeql\dist\release\v2.20.5\xml\codeql-extractor.yml.
[2025-03-02 00:05:12] [DETAILS] resolve languages> Parsing C:\Users\admin\AppData\Local\GitHub CLI\extensions\gh-codeql\dist\release\v2.20.5\yaml\codeql-extractor.yml.
[2025-03-02 00:05:12] Plumbing command codeql resolve languages completed:
                      {
                        "aliases" : {
                          "c" : "cpp",
                          "c++" : "cpp",
                          "c-c++" : "cpp",
                          "c-cpp" : "cpp",
                          "c#" : "csharp",
                          "java-kotlin" : "java",
                          "kotlin" : "java",
                          "javascript-typescript" : "javascript",
                          "typescript" : "javascript"
                        },
                        "extractors" : {
                          "actions" : [
                            {
                              "extractor_root" : "C:\\Users\\admin\\AppData\\Local\\GitHub CLI\\extensions\\gh-codeql\\dist\\release\\v2.20.5\\actions",
                              "extractor_options" : { }
                            }
                          ],
                          "cpp" : [
                            {
                              "extractor_root" : "C:\\Users\\admin\\AppData\\Local\\GitHub CLI\\extensions\\gh-codeql\\dist\\release\\v2.20.5\\cpp",
                              "extractor_options" : {
                                "scale_timeouts" : {
                                  "title" : "Value to scale compiler introspection timeouts with",
                                  "description" : "The extractor attempts to determine what compiler the source code being extracted is compiled with. To this end the extractor makes additional calls to the compiler, some of which are expected to return within a certain fixed time (either 10s or 15s). On some systems that are under high load this time might be too short, and can be scaled up using this option.\n",
                                  "type" : "string",
                                  "pattern" : "[0-9]+"
                                },
                                "log_verbosity" : {
                                  "title" : "Verbosity of the extractor logging",
                                  "description" : "Set the verbosity of the extractor logging to 'quiet' (0), 'normal' (1), 'chatty' (2), or 'noisy' (3). The default is 'normal'.\n",
                                  "type" : "string",
                                  "pattern" : "[0-3]"
                                }
                              }
                            }
                          ],
                          "csharp" : [
                            {
                              "extractor_root" : "C:\\Users\\admin\\AppData\\Local\\GitHub CLI\\extensions\\gh-codeql\\dist\\release\\v2.20.5\\csharp",
                              "extractor_options" : {
                                "trap" : {
                                  "title" : "Options pertaining to TRAP.",
                                  "description" : "Options pertaining to TRAP.",
                                  "type" : "object",
                                  "properties" : {
                                    "compression" : {
                                      "title" : "Controls compression for the TRAP files written by the extractor.",
                                      "description" : "This option is only intended for use in debugging the extractor. Accepted values are 'brotli' (the default, to write brotli-compressed TRAP), 'gzip', and 'none' (to write uncompressed TRAP).\n",
                                      "type" : "string",
                                      "pattern" : "^(none|gzip|brotli)$"
                                    }
                                  }
                                },
                                "buildless" : {
                                  "title" : "DEPRECATED - Whether to use buildless (standalone) extraction.",
                                  "description" : "DEPRECATED: Use `--build-mode none` instead.\nA value indicating, which type of extraction the autobuilder should perform. If 'true', then the standalone extractor will be used, otherwise tracing extraction will be performed. The default is 'false'. Note that buildless extraction will generally yield less accurate analysis results, and should only be used in cases where it is not possible to build the code (for example if it uses inaccessible dependencies).\n",
                                  "type" : "string",
                                  "pattern" : "^(false|true)$"
                                },
                                "logging" : {
                                  "title" : "Options pertaining to logging.",
                                  "description" : "Options pertaining to logging.",
                                  "type" : "object",
                                  "properties" : {
                                    "verbosity" : {
                                      "title" : "Extractor logging verbosity level.",
                                      "description" : "Controls the level of verbosity of the extractor. The supported levels are (in order of increasing verbosity):\n  - off\n  - errors\n  - warnings\n  - info or progress\n  - debug or progress+\n  - trace or progress++\n  - progress+++\n",
                                      "type" : "string",
                                      "pattern" : "^(off|errors|warnings|(info|progress)|(debug|progress\\+)|(trace|progress\\+\\+)|progress\\+\\+\\+)$"
                                    }
                                  }
                                },
                                "binlog" : {
                                  "title" : "Binlog",
                                  "description" : "[EXPERIMENTAL] The value is a path to the MsBuild binary log file that should be extracted. This option only works when `--build-mode none` is also specified.\n",
                                  "type" : "array"
                                }
                              }
                            }
                          ],
                          "csv" : [
                            {
                              "extractor_root" : "C:\\Users\\admin\\AppData\\Local\\GitHub CLI\\extensions\\gh-codeql\\dist\\release\\v2.20.5\\csv"
                            }
                          ],
                          "go" : [
                            {
                              "extractor_root" : "C:\\Users\\admin\\AppData\\Local\\GitHub CLI\\extensions\\gh-codeql\\dist\\release\\v2.20.5\\go",
                              "extractor_options" : {
                                "extract_tests" : {
                                  "title" : "Whether to include Go test files in the CodeQL database.",
                                  "description" : "A value indicating whether Go test files should be included in the CodeQL database. The default is 'false'.\n",
                                  "type" : "string",
                                  "pattern" : "^(false|true)$"
                                },
                                "extract_vendor_dirs" : {
                                  "title" : "Whether to include Go vendor directories in the CodeQL database.",
                                  "description" : "A value indicating whether Go vendor directories should be included in the CodeQL database. The default is 'false'.\n",
                                  "type" : "string",
                                  "pattern" : "^(false|true)$"
                                }
                              }
                            }
                          ],
                          "html" : [
                            {
                              "extractor_root" : "C:\\Users\\admin\\AppData\\Local\\GitHub CLI\\extensions\\gh-codeql\\dist\\release\\v2.20.5\\html"
                            }
                          ],
                          "java" : [
                            {
                              "extractor_root" : "C:\\Users\\admin\\AppData\\Local\\GitHub CLI\\extensions\\gh-codeql\\dist\\release\\v2.20.5\\java",
                              "extractor_options" : {
                                "exclude" : {
                                  "title" : "A glob excluding files from analysis.",
                                  "description" : "A glob indicating what files to exclude from the analysis.\n",
                                  "type" : "string"
                                },
                                "add_prefer_source" : {
                                  "title" : "Whether to always prefer source files over class files.",
                                  "description" : "A value indicating whether source files should be preferred over class files. If set to 'true', the extraction adds '-Xprefer:source' to the javac command line. If set to 'false', the extraction uses the default javac behavior ('-Xprefer:newer'). The default is 'true'.\n",
                                  "type" : "string",
                                  "pattern" : "^(false|true)$"
                                },
                                "buildless" : {
                                  "title" : "Whether to use buildless (standalone) extraction (experimental).",
                                  "description" : "A value indicating, which type of extraction the autobuilder should perform. If 'true', then the standalone extractor will be used, otherwise tracing extraction will be performed. The default is 'false'. Note that buildless extraction will generally yield less accurate analysis results, and should only be used in cases where it is not possible to build the code (for example if it uses inaccessible dependencies).\n",
                                  "type" : "string",
                                  "pattern" : "^(false|true)$"
                                }
                              }
                            }
                          ],
                          "javascript" : [
                            {
                              "extractor_root" : "C:\\Users\\admin\\AppData\\Local\\GitHub CLI\\extensions\\gh-codeql\\dist\\release\\v2.20.5\\javascript",
                              "extractor_options" : {
                                "skip_types" : {
                                  "title" : "Skip type extraction for TypeScript",
                                  "description" : "Whether to skip the extraction of types in a TypeScript application",
                                  "type" : "string",
                                  "pattern" : "^(false|true)$"
                                }
                              }
                            }
                          ],
                          "properties" : [
                            {
                              "extractor_root" : "C:\\Users\\admin\\AppData\\Local\\GitHub CLI\\extensions\\gh-codeql\\dist\\release\\v2.20.5\\properties"
                            }
                          ],
                          "python" : [
                            {
                              "extractor_root" : "C:\\Users\\admin\\AppData\\Local\\GitHub CLI\\extensions\\gh-codeql\\dist\\release\\v2.20.5\\python",
                              "extractor_options" : {
                                "logging" : {
                                  "title" : "Options pertaining to logging.",
                                  "description" : "Options pertaining to logging.",
                                  "type" : "object",
                                  "properties" : {
                                    "verbosity" : {
                                      "title" : "Python extractor logging verbosity level.",
                                      "description" : "Controls the level of verbosity of the CodeQL Python extractor.\nThe supported levels are (in order of increasing verbosity):\n\n  - off\n  - errors\n  - warnings\n  - info or progress\n  - debug or progress+\n  - trace or progress++\n  - progress+++\n",
                                      "type" : "string",
                                      "pattern" : "^(off|errors|warnings|(info|progress)|(debug|progress\\+)|(trace|progress\\+\\+)|progress\\+\\+\\+)$"
                                    }
                                  }
                                },
                                "python_executable_name" : {
                                  "title" : "Controls the name of the Python executable used by the Python extractor.",
                                  "description" : "The Python extractor uses platform-dependent heuristics to determine the name of the Python executable to use. Specifying a value for this option overrides the name of the Python executable used by the extractor. Accepted values are py, python and python3. Use this setting with caution, the Python extractor requires Python 3 to run.\n",
                                  "type" : "string",
                                  "pattern" : "^(py|python|python3)$"
                                }
                              }
                            }
                          ],
                          "ruby" : [
                            {
                              "extractor_root" : "C:\\Users\\admin\\AppData\\Local\\GitHub CLI\\extensions\\gh-codeql\\dist\\release\\v2.20.5\\ruby",
                              "extractor_options" : {
                                "trap" : {
                                  "title" : "Options pertaining to TRAP.",
                                  "description" : "Options pertaining to TRAP.",
                                  "type" : "object",
                                  "properties" : {
                                    "compression" : {
                                      "title" : "Controls compression for the TRAP files written by the extractor.",
                                      "description" : "This option is only intended for use in debugging the extractor. Accepted values are 'gzip' (the default, to write gzip-compressed TRAP) and 'none' (to write uncompressed TRAP).\n",
                                      "type" : "string",
                                      "pattern" : "^(none|gzip)$"
                                    }
                                  }
                                }
                              }
                            }
                          ],
                          "swift" : [
                            {
                              "extractor_root" : "C:\\Users\\admin\\AppData\\Local\\GitHub CLI\\extensions\\gh-codeql\\dist\\release\\v2.20.5\\swift"
                            }
                          ],
                          "xml" : [
                            {
                              "extractor_root" : "C:\\Users\\admin\\AppData\\Local\\GitHub CLI\\extensions\\gh-codeql\\dist\\release\\v2.20.5\\xml"
                            }
                          ],
                          "yaml" : [
                            {
                              "extractor_root" : "C:\\Users\\admin\\AppData\\Local\\GitHub CLI\\extensions\\gh-codeql\\dist\\release\\v2.20.5\\yaml"
                            }
                          ]
                        }
                      }
[2025-03-02 00:05:12] [PROGRESS] database init> Calculating baseline information in C:\Users\admin\codeql-home\codeql-db\codeql-zero-to-hero
[2025-03-02 00:05:12] [SPAMMY] database init> Ignoring the following directories when processing baseline information: .git, .hg, .svn.
[2025-03-02 00:05:12] [DETAILS] database init> Running command in C:\Users\admin\codeql-home\codeql-db\codeql-zero-to-hero: C:\Users\admin\AppData\Local\GitHub CLI\extensions\gh-codeql\dist\release\v2.20.5\tools\win64\scc.exe --by-file --exclude-dir .git,.hg,.svn --format json --no-large --no-min .
[2025-03-02 00:05:15] [SPAMMY] database init> Found 8 baseline files for python.
[2025-03-02 00:05:15] [PROGRESS] database init> Calculated baseline information for languages: python (2.2s).
[2025-03-02 00:05:15] [PROGRESS] database init> Resolving extractor python.
[2025-03-02 00:05:15] [DETAILS] database init> Found candidate extractor root for python: C:\Users\admin\AppData\Local\GitHub CLI\extensions\gh-codeql\dist\release\v2.20.5\python.
[2025-03-02 00:05:15] [PROGRESS] database init> Successfully loaded extractor Python (python) from C:\Users\admin\AppData\Local\GitHub CLI\extensions\gh-codeql\dist\release\v2.20.5\python.
[2025-03-02 00:05:15] [PROGRESS] database init> Created skeleton CodeQL database at C:\Users\admin\codeql-home\codeql-db\codeql-zero-to-hero\example-codeql-db. This in-progress database is ready to be populated by an extractor.
[2025-03-02 00:05:15] Plumbing command codeql database init completed.
[2025-03-02 00:05:15] [PROGRESS] database create> Running build command: []
[2025-03-02 00:05:15] Running plumbing command: codeql database trace-command --working-dir=C:\Users\admin\codeql-home\codeql-db\codeql-zero-to-hero --index-traceless-dbs --no-db-cluster -- C:\Users\admin\codeql-home\codeql-db\codeql-zero-to-hero\example-codeql-db
[2025-03-02 00:05:15] Using autobuild script C:\Users\admin\AppData\Local\GitHub CLI\extensions\gh-codeql\dist\release\v2.20.5\python\tools\autobuild.cmd.
[2025-03-02 00:05:15] [PROGRESS] database trace-command> Running command in C:\Users\admin\codeql-home\codeql-db\codeql-zero-to-hero: [C:\Users\admin\AppData\Local\GitHub CLI\extensions\gh-codeql\dist\release\v2.20.5\python\tools\autobuild.cmd]
[2025-03-02 00:05:19] [build-stdout] Python 3.12.5
[2025-03-02 00:05:19] [build-stderr] No suitable Python runtime found
[2025-03-02 00:05:19] [build-stderr] Pass --list (-0) to see all detected environments on your machine
[2025-03-02 00:05:19] [build-stderr] or set environment variable PYLAUNCHER_ALLOW_INSTALL to use winget
[2025-03-02 00:05:19] [build-stderr] or open the Microsoft Store to the requested version.
[2025-03-02 00:05:20] [build-stdout] No directories containing root identifiers were found. Returning working directory as root.
[2025-03-02 00:05:20] [build-stdout] Will try to guess Python version, as it was not specified in `lgtm.yml`
[2025-03-02 00:05:20] [build-stdout] Trying to guess Python version based on Trove classifiers in setup.py
[2025-03-02 00:05:20] [build-stdout] Did not find setup.py (expected it to be at C:/Users/admin/codeql-home/codeql-db/codeql-zero-to-hero/setup.py)
[2025-03-02 00:05:20] [build-stdout] Trying to guess Python version based on travis file
[2025-03-02 00:05:20] [build-stdout] Did not find any travis files (expected them at either ['C:/Users/admin/codeql-home/codeql-db/codeql-zero-to-hero/.travis.yml', 'C:/Users/admin/codeql-home/codeql-db/codeql-zero-to-hero/travis.yml'])
[2025-03-02 00:05:20] [build-stdout] Trying to guess Python version based on installed versions
[2025-03-02 00:05:20] [build-stdout] Wanted to run Python 2, but it is not available. Using Python 3 instead
[2025-03-02 00:05:20] [build-stdout] This script is running Python 3, but Python 2 is also available (as 'py -3')
[2025-03-02 00:05:20] [build-stdout] Could not guess Python version, will use default: Python 3
[2025-03-02 00:05:20] [build-stdout] Calling py -3 -S C:\Users\admin\AppData\Local\GitHub CLI\extensions\gh-codeql\dist\release\v2.20.5\python/tools/python_tracer.py --verbosity 3 -z all -c C:\Users\admin\codeql-home\codeql-db\codeql-zero-to-hero\example-codeql-db\working/trap_cache -R C:\Users\admin\codeql-home\codeql-db\codeql-zero-to-hero
[2025-03-02 00:05:21] [build-stdout] Python 3.12.5
[2025-03-02 00:05:21] [build-stdout] INFO: The Python extractor has recently stopped extracting the standard library by default. If you encounter problems, please let us know by submitting an issue to https://github.com/github/codeql. It is possible to re-enable extraction of the standard library by setting the environment variable CODEQL_EXTRACTOR_PYTHON_EXTRACT_STDLIB.
[2025-03-02 00:05:21] [build-stdout] [INFO] Extraction will use the Python 3 standard library.
[2025-03-02 00:05:21] [build-stdout] [INFO] sys_path is: ['C:\\Users\\admin\\AppData\\Local\\GitHub CLI\\extensions\\gh-codeql\\dist\\release\\v2.20.5\\python\\tools', 'C:\\Python312\\python312.zip', 'C:\\Python312\\DLLs', 'C:\\Python312\\Lib', 'C:\\Python312']
[2025-03-02 00:05:21] [build-stdout] [INFO] Python version 3.12.5
[2025-03-02 00:05:21] [build-stdout] [INFO] Python extractor version 7.1.2
[2025-03-02 00:05:22] [build-stdout] [INFO] [2] Extracted file C:\Users\admin\codeql-home\codeql-db\codeql-zero-to-hero\2\challenge-1\code-injection.py in 38ms
[2025-03-02 00:05:22] [build-stdout] [INFO] [2] Extracted folder C:\Users\admin\codeql-home\codeql-db\codeql-zero-to-hero\2\challenge-1 in 0ms
[2025-03-02 00:05:22] [build-stdout] [INFO] [2] Extracted folder C:\Users\admin\codeql-home\codeql-db\codeql-zero-to-hero\2 in 0ms
[2025-03-02 00:05:22] [build-stdout] [INFO] [2] Extracted file C:\Users\admin\codeql-home\codeql-db\codeql-zero-to-hero\4\vulnerable-code-snippets\cmdi-interface-list.py in 94ms
[2025-03-02 00:05:22] [build-stdout] [INFO] [4] Extracted file C:\Users\admin\codeql-home\codeql-db\codeql-zero-to-hero\2\challenge-1\command-injection.py in 48ms
[2025-03-02 00:05:22] [build-stdout] [INFO] [2] Extracted file C:\Users\admin\codeql-home\codeql-db\codeql-zero-to-hero\4\vulnerable-code-snippets\cmdi-interface.py in 47ms
[2025-03-02 00:05:22] [build-stdout] [INFO] [2] Extracted folder C:\Users\admin\codeql-home\codeql-db\codeql-zero-to-hero\4\vulnerable-code-snippets in 0ms
[2025-03-02 00:05:22] [build-stdout] [INFO] [2] Extracted folder C:\Users\admin\codeql-home\codeql-db\codeql-zero-to-hero\4 in 0ms
[2025-03-02 00:05:22] [build-stdout] [INFO] [1] Extracted file C:\Users\admin\codeql-home\codeql-db\codeql-zero-to-hero\2\challenge-1\sql-injection-flask.py in 63ms
[2025-03-02 00:05:22] [build-stdout] [INFO] [3] Extracted file C:\Users\admin\codeql-home\codeql-db\codeql-zero-to-hero\2\challenge-1\sql-injection.py in 86ms
[2025-03-02 00:05:22] [build-stdout] [INFO] [4] Extracted file C:\Users\admin\codeql-home\codeql-db\codeql-zero-to-hero\4\vulnerable-code-snippets\cmdi-list.py in 79ms
[2025-03-02 00:05:22] [build-stdout] [INFO] [4] Skipped built-in file C:\Python312\Lib\os.py
[2025-03-02 00:05:22] [build-stdout] [INFO] [2] Extracted file C:\Users\admin\codeql-home\codeql-db\codeql-zero-to-hero\4\vulnerable-code-snippets\cmdi.py in 67ms
[2025-03-02 00:05:22] [build-stdout] [INFO] [2] Skipped built-in file C:\Python312\Lib\subprocess.py
[2025-03-02 00:05:22] [build-stdout] [INFO] [2] Skipped built-in file C:\Python312\Lib\re\__init__.py
[2025-03-02 00:05:22] [build-stdout] [INFO] [4] Extracted folder C:\Python312\Lib\re in 2ms
[2025-03-02 00:05:23] [build-stdout] [INFO] Processed 16 modules in 1.58s
[2025-03-02 00:05:23] Plumbing command codeql database trace-command completed.
[2025-03-02 00:05:23] [PROGRESS] database create> Finalizing database at C:\Users\admin\codeql-home\codeql-db\codeql-zero-to-hero\example-codeql-db.
[2025-03-02 00:05:23] Running plumbing command: codeql database finalize --no-db-cluster -- C:\Users\admin\codeql-home\codeql-db\codeql-zero-to-hero\example-codeql-db
[2025-03-02 00:05:23] Using pre-finalize script C:\Users\admin\AppData\Local\GitHub CLI\extensions\gh-codeql\dist\release\v2.20.5\python\tools\pre-finalize.cmd.
[2025-03-02 00:05:23] [PROGRESS] database finalize> Running pre-finalize script C:\Users\admin\AppData\Local\GitHub CLI\extensions\gh-codeql\dist\release\v2.20.5\python\tools\pre-finalize.cmd in C:\Users\admin\codeql-home\codeql-db\codeql-zero-to-hero.
[2025-03-02 00:05:23] Running plumbing command: codeql database trace-command --working-dir=C:\Users\admin\codeql-home\codeql-db\codeql-zero-to-hero --no-tracing -- C:\Users\admin\codeql-home\codeql-db\codeql-zero-to-hero\example-codeql-db C:\Users\admin\AppData\Local\GitHub CLI\extensions\gh-codeql\dist\release\v2.20.5\python\tools\pre-finalize.cmd
[2025-03-02 00:05:23] [PROGRESS] database trace-command> Running command in C:\Users\admin\codeql-home\codeql-db\codeql-zero-to-hero: [C:\Users\admin\AppData\Local\GitHub CLI\extensions\gh-codeql\dist\release\v2.20.5\python\tools\pre-finalize.cmd]
[2025-03-02 00:05:24] [build-stderr] Scanning for files in C:\Users\admin\codeql-home\codeql-db\codeql-zero-to-hero...
[2025-03-02 00:05:24] [build-stderr] C:\Users\admin\codeql-home\codeql-db\codeql-zero-to-hero\example-codeql-db: Indexing files in in C:\Users\admin\codeql-home\codeql-db\codeql-zero-to-hero...
[2025-03-02 00:05:25] [build-stderr] Running command in C:\Users\admin\codeql-home\codeql-db\codeql-zero-to-hero: [C:\Users\admin\AppData\Local\GitHub CLI\extensions\gh-codeql\dist\release\v2.20.5\yaml\tools\index-files.cmd, C:\Users\admin\codeql-home\codeql-db\codeql-zero-to-hero\example-codeql-db\working\files-to-index965234986152719566.list]
[2025-03-02 00:05:26] Plumbing command codeql database trace-command completed.
[2025-03-02 00:05:26] [PROGRESS] database finalize> Running TRAP import for CodeQL database at C:\Users\admin\codeql-home\codeql-db\codeql-zero-to-hero\example-codeql-db...
[2025-03-02 00:05:26] Running plumbing command: codeql dataset import --dbscheme=C:\Users\admin\AppData\Local\GitHub CLI\extensions\gh-codeql\dist\release\v2.20.5\python\semmlecode.python.dbscheme -- C:\Users\admin\codeql-home\codeql-db\codeql-zero-to-hero\example-codeql-db\db-python C:\Users\admin\codeql-home\codeql-db\codeql-zero-to-hero\example-codeql-db\trap\python
[2025-03-02 00:05:26] Clearing disk cache since the version file C:\Users\admin\codeql-home\codeql-db\codeql-zero-to-hero\example-codeql-db\db-python\default\cache\version does not exist
[2025-03-02 00:05:26] Tuple pool not found. Clearing relations with cached strings
[2025-03-02 00:05:26] Trimming disk cache at C:\Users\admin\codeql-home\codeql-db\codeql-zero-to-hero\example-codeql-db\db-python\default\cache in mode clear.
[2025-03-02 00:05:26] Sequence stamp origin is -6076935799768285413
[2025-03-02 00:05:26] Pausing evaluation to hard-clear memory at sequence stamp o+0
[2025-03-02 00:05:26] Unpausing evaluation
[2025-03-02 00:05:26] Pausing evaluation to quickly trim disk at sequence stamp o+1
[2025-03-02 00:05:26] Unpausing evaluation
[2025-03-02 00:05:26] Pausing evaluation to zealously trim disk at sequence stamp o+2
[2025-03-02 00:05:26] Unpausing evaluation
[2025-03-02 00:05:26] Trimming completed (10ms): Purged everything.
[2025-03-02 00:05:26] Scanning for files in C:\Users\admin\codeql-home\codeql-db\codeql-zero-to-hero\example-codeql-db\trap\python
[2025-03-02 00:05:26] Found 18 TRAP files (494.03 KiB)
[2025-03-02 00:05:26] [PROGRESS] dataset import> Importing TRAP files
[2025-03-02 00:05:26] Importing $files.1Z-seIB5X-c_M8WkhFVCaoL3E7c=.trap.gz (1 of 18)
[2025-03-02 00:05:26] Importing $files.JFqCdaNj2JAzEobXcyYT5X-qDoo=.trap.gz (2 of 18)
[2025-03-02 00:05:26] Importing $files.SXzz19xy5q2-d_bARfpkA9Obupc=.trap.gz (3 of 18)
[2025-03-02 00:05:26] Importing $files.igLzlHUp8jJNmsSlYy-A5kNM59Y=.trap.gz (4 of 18)
[2025-03-02 00:05:26] Importing $flags.CQIJIZA24JcILpBcuzvi5euzftk=.trap.gz (5 of 18)
[2025-03-02 00:05:27] Importing $interpreter3.gn_c45NHhB8ndOY-B5lVI1Vrisk=.trap.gz (6 of 18)
[2025-03-02 00:05:27] Importing $stdlib_33.ZUNtftM8s1-D08tuOaxE2WEeJHM=.trap (7 of 18)
[2025-03-02 00:05:27] Importing codeql-database.yml.trap.gz (8 of 18)
[2025-03-02 00:05:27] Importing cmdi-interface-list.py.oMfbj19l6v46vzAYTjAN62WAX5M=.trap.gz (9 of 18)
[2025-03-02 00:05:27] Importing cmdi-interface.py.xQYitra6i4896DFCph58FtO_C6c=.trap.gz (10 of 18)
[2025-03-02 00:05:27] Importing cmdi-list.py.V43_ysQUYadRctVOyZ9NLn0b5PQ=.trap.gz (11 of 18)
[2025-03-02 00:05:27] Importing cmdi.py.TCqSwpWxsbCW7SYBDnqVejmXSCQ=.trap.gz (12 of 18)
[2025-03-02 00:05:27] Importing code-injection.py.v2-WD5eA8yZaPlgglMu1_vtYE1U=.trap.gz (13 of 18)
[2025-03-02 00:05:27] Importing command-injection.py.zuo5HVhv8LD-YmZ9O4B_kUntu94=.trap.gz (14 of 18)
[2025-03-02 00:05:27] Importing metadata.trap.gz (15 of 18)
[2025-03-02 00:05:27] Importing re.1Cpf-CVwxL80tNefK1Bafs4kVcU=.trap.gz (16 of 18)
[2025-03-02 00:05:27] Importing sql-injection-flask.py.wy4NVXaKqFNQ5bn_iEFtHcHGFi0=.trap.gz (17 of 18)
[2025-03-02 00:05:27] Importing sql-injection.py.UBy4epiWF11Wyz11KmcO1RQEI9k=.trap.gz (18 of 18)
[2025-03-02 00:05:27] [PROGRESS] dataset import> Merging relations
[2025-03-02 00:05:28] Merging 1 fragment for 'files'.
[2025-03-02 00:05:28] Merged 46 bytes for 'files'.
[2025-03-02 00:05:28] Merging 1 fragment for 'folders'.
[2025-03-02 00:05:28] Merged 55 bytes for 'folders'.
[2025-03-02 00:05:28] Merging 1 fragment for 'containerparent'.
[2025-03-02 00:05:28] Merged 75 bytes for 'containerparent'.
[2025-03-02 00:05:28] Merging 1 fragment for 'py_flags_versioned'.
[2025-03-02 00:05:28] Merged 180 bytes for 'py_flags_versioned'.
[2025-03-02 00:05:28] Merging 1 fragment for 'py_cobjects'.
[2025-03-02 00:05:28] Merged 4421 bytes (4.32 KiB) for 'py_cobjects'.
[2025-03-02 00:05:28] Merging 1 fragment for 'py_cobjecttypes'.
[2025-03-02 00:05:28] Merged 4539 bytes (4.43 KiB) for 'py_cobjecttypes'.
[2025-03-02 00:05:28] Merging 1 fragment for 'py_cobject_sources'.
[2025-03-02 00:05:28] Merged 6594 bytes (6.44 KiB) for 'py_cobject_sources'.
[2025-03-02 00:05:28] Merging 1 fragment for 'py_cobjectnames'.
[2025-03-02 00:05:28] Merged 5617 bytes (5.49 KiB) for 'py_cobjectnames'.
[2025-03-02 00:05:28] Merging 1 fragment for 'py_cmembers_versioned'.
[2025-03-02 00:05:28] Merged 6391 bytes (6.24 KiB) for 'py_cmembers_versioned'.
[2025-03-02 00:05:28] Merging 1 fragment for 'py_special_objects'.
[2025-03-02 00:05:28] Merged 136 bytes for 'py_special_objects'.
[2025-03-02 00:05:28] Merging 1 fragment for 'py_citems'.
[2025-03-02 00:05:28] Merged 514 bytes for 'py_citems'.
[2025-03-02 00:05:28] Merging 1 fragment for 'ext_rettype'.
[2025-03-02 00:05:28] Merged 4038 bytes (3.94 KiB) for 'ext_rettype'.
[2025-03-02 00:05:28] Merging 1 fragment for 'ext_argtype'.
[2025-03-02 00:05:28] Merged 6820 bytes (6.66 KiB) for 'ext_argtype'.
[2025-03-02 00:05:28] Merging 1 fragment for 'ext_argreturn'.
[2025-03-02 00:05:28] Merged 41 bytes for 'ext_argreturn'.
[2025-03-02 00:05:28] Merging 1 fragment for 'ext_proptype'.
[2025-03-02 00:05:28] Merged 343 bytes for 'ext_proptype'.
[2025-03-02 00:05:28] Merging 1 fragment for 'yaml_scalars'.
[2025-03-02 00:05:29] Merged 142 bytes for 'yaml_scalars'.
[2025-03-02 00:05:29] Merging 1 fragment for 'yaml'.
[2025-03-02 00:05:29] Merged 506 bytes for 'yaml'.
[2025-03-02 00:05:29] Merging 1 fragment for 'locations_default'.
[2025-03-02 00:05:29] Merged 478 bytes for 'locations_default'.
[2025-03-02 00:05:29] Merging 1 fragment for 'yaml_locations'.
[2025-03-02 00:05:29] Merged 168 bytes for 'yaml_locations'.
[2025-03-02 00:05:29] Merging 1 fragment for 'py_Modules'.
[2025-03-02 00:05:29] Merged 26 bytes for 'py_Modules'.
[2025-03-02 00:05:29] Merging 1 fragment for 'py_module_path'.
[2025-03-02 00:05:29] Merged 45 bytes for 'py_module_path'.
[2025-03-02 00:05:29] Merging 1 fragment for 'variable'.
[2025-03-02 00:05:29] Merged 414 bytes for 'variable'.
[2025-03-02 00:05:29] Merging 1 fragment for 'py_extracted_version'.
[2025-03-02 00:05:29] Merged 36 bytes for 'py_extracted_version'.
[2025-03-02 00:05:29] Merging 1 fragment for 'py_stmt_lists'.
[2025-03-02 00:05:29] Merged 188 bytes for 'py_stmt_lists'.
[2025-03-02 00:05:29] Merging 1 fragment for 'py_stmts'.
[2025-03-02 00:05:29] Merged 496 bytes for 'py_stmts'.
[2025-03-02 00:05:29] Merging 1 fragment for 'py_scopes'.
[2025-03-02 00:05:29] Merged 758 bytes for 'py_scopes'.
[2025-03-02 00:05:29] Merging 1 fragment for 'py_alias_lists'.
[2025-03-02 00:05:29] Merged 81 bytes for 'py_alias_lists'.
[2025-03-02 00:05:29] Merging 1 fragment for 'py_aliases'.
[2025-03-02 00:05:29] Merged 117 bytes for 'py_aliases'.
[2025-03-02 00:05:29] Merging 1 fragment for 'py_exprs'.
[2025-03-02 00:05:29] Merged 2095 bytes (2.05 KiB) for 'py_exprs'.
[2025-03-02 00:05:29] Merging 1 fragment for 'py_ints'.
[2025-03-02 00:05:29] Merged 58 bytes for 'py_ints'.
[2025-03-02 00:05:29] Merging 1 fragment for 'py_strs'.
[2025-03-02 00:05:29] Merged 777 bytes for 'py_strs'.
[2025-03-02 00:05:29] Merging 1 fragment for 'py_variables'.
[2025-03-02 00:05:29] Merged 489 bytes for 'py_variables'.
[2025-03-02 00:05:29] Merging 1 fragment for 'py_expr_contexts'.
[2025-03-02 00:05:29] Merged 824 bytes for 'py_expr_contexts'.
[2025-03-02 00:05:29] Merging 1 fragment for 'py_bools'.
[2025-03-02 00:05:29] Merged 45 bytes for 'py_bools'.
[2025-03-02 00:05:29] Merging 1 fragment for 'py_arguments'.
[2025-03-02 00:05:29] Merged 65 bytes for 'py_arguments'.
[2025-03-02 00:05:29] Merging 1 fragment for 'py_expr_lists'.
[2025-03-02 00:05:29] Merged 405 bytes for 'py_expr_lists'.
[2025-03-02 00:05:29] Merging 1 fragment for 'py_Functions'.
[2025-03-02 00:05:29] Merged 65 bytes for 'py_Functions'.
[2025-03-02 00:05:29] Merging 1 fragment for 'py_parameter_lists'.
[2025-03-02 00:05:29] Merged 49 bytes for 'py_parameter_lists'.
[2025-03-02 00:05:29] Merging 1 fragment for 'py_dict_item_lists'.
[2025-03-02 00:05:29] Merged 65 bytes for 'py_dict_item_lists'.
[2025-03-02 00:05:29] Merging 1 fragment for 'py_dict_items'.
[2025-03-02 00:05:29] Merged 104 bytes for 'py_dict_items'.
[2025-03-02 00:05:29] Merging 1 fragment for 'py_cmpop_lists'.
[2025-03-02 00:05:29] Merged 45 bytes for 'py_cmpop_lists'.
[2025-03-02 00:05:29] Merging 1 fragment for 'py_cmpops'.
[2025-03-02 00:05:29] Merged 65 bytes for 'py_cmpops'.
[2025-03-02 00:05:29] Merging 1 fragment for 'py_exports'.
[2025-03-02 00:05:29] Merged 70 bytes for 'py_exports'.
[2025-03-02 00:05:29] Merging 1 fragment for 'py_flow_bb_node'.
[2025-03-02 00:05:30] Merged 1865 bytes (1.82 KiB) for 'py_flow_bb_node'.
[2025-03-02 00:05:30] Merging 1 fragment for 'py_scope_flow'.
[2025-03-02 00:05:30] Merged 406 bytes for 'py_scope_flow'.
[2025-03-02 00:05:30] Merging 1 fragment for 'py_successors'.
[2025-03-02 00:05:30] Merged 1098 bytes (1.07 KiB) for 'py_successors'.
[2025-03-02 00:05:30] Merging 1 fragment for 'py_idoms'.
[2025-03-02 00:05:30] Merged 1083 bytes (1.06 KiB) for 'py_idoms'.
[2025-03-02 00:05:30] Merging 1 fragment for 'py_ssa_var'.
[2025-03-02 00:05:30] Merged 221 bytes for 'py_ssa_var'.
[2025-03-02 00:05:30] Merging 1 fragment for 'py_ssa_defn'.
[2025-03-02 00:05:30] Merged 187 bytes for 'py_ssa_defn'.
[2025-03-02 00:05:30] Merging 1 fragment for 'py_ssa_use'.
[2025-03-02 00:05:30] Merged 324 bytes for 'py_ssa_use'.
[2025-03-02 00:05:30] Merging 1 fragment for 'py_true_successors'.
[2025-03-02 00:05:30] Merged 49 bytes for 'py_true_successors'.
[2025-03-02 00:05:30] Merging 1 fragment for 'py_false_successors'.
[2025-03-02 00:05:30] Merged 49 bytes for 'py_false_successors'.
[2025-03-02 00:05:30] Merging 1 fragment for 'locations_ast'.
[2025-03-02 00:05:30] Merged 2876 bytes (2.81 KiB) for 'locations_ast'.
[2025-03-02 00:05:30] Merging 1 fragment for 'py_scope_location'.
[2025-03-02 00:05:30] Merged 119 bytes for 'py_scope_location'.
[2025-03-02 00:05:30] Merging 1 fragment for 'py_codelines'.
[2025-03-02 00:05:30] Merged 75 bytes for 'py_codelines'.
[2025-03-02 00:05:30] Merging 1 fragment for 'py_commentlines'.
[2025-03-02 00:05:30] Merged 73 bytes for 'py_commentlines'.
[2025-03-02 00:05:30] Merging 1 fragment for 'py_docstringlines'.
[2025-03-02 00:05:30] Merged 63 bytes for 'py_docstringlines'.
[2025-03-02 00:05:30] Merging 1 fragment for 'py_alllines'.
[2025-03-02 00:05:30] Merged 72 bytes for 'py_alllines'.
[2025-03-02 00:05:30] Merging 1 fragment for 'numlines'.
[2025-03-02 00:05:30] Merged 71 bytes for 'numlines'.
[2025-03-02 00:05:30] Merging 1 fragment for 'py_locations'.
[2025-03-02 00:05:30] Merged 1230 bytes (1.20 KiB) for 'py_locations'.
[2025-03-02 00:05:30] Merging 1 fragment for 'py_comments'.
[2025-03-02 00:05:30] Merged 90 bytes for 'py_comments'.
[2025-03-02 00:05:30] Merging 1 fragment for 'py_operators'.
[2025-03-02 00:05:30] Merged 67 bytes for 'py_operators'.
[2025-03-02 00:05:30] Merging 1 fragment for 'sourceLocationPrefix'.
[2025-03-02 00:05:30] Merged 17 bytes for 'sourceLocationPrefix'.
[2025-03-02 00:05:30] Merging 1 fragment for 'py_Classes'.
[2025-03-02 00:05:30] Merged 33 bytes for 'py_Classes'.
[2025-03-02 00:05:30] Saving string and id pools to disk.
[2025-03-02 00:05:31] Finished importing TRAP files.
[2025-03-02 00:05:31] Read 1.13 MiB of uncompressed TRAP data.
[2025-03-02 00:05:31] Uncompressed relation data size: 245.39 KiB
[2025-03-02 00:05:31] Relation data size: 57.18 KiB (merge rate: 21.63 KiB/s)
[2025-03-02 00:05:31] String pool size: 2.08 MiB
[2025-03-02 00:05:31] ID pool size: 1.09 MiB
[2025-03-02 00:05:31] [PROGRESS] dataset import> Finished writing database (relations: 57.18 KiB; string pool: 2.08 MiB).
[2025-03-02 00:05:31] Pausing evaluation to close the cache at sequence stamp o+131
[2025-03-02 00:05:31] The disk cache is freshly trimmed; leave it be.
[2025-03-02 00:05:31] Unpausing evaluation
[2025-03-02 00:05:31] Plumbing command codeql dataset import completed.
[2025-03-02 00:05:31] [PROGRESS] database finalize> TRAP import complete (5.2s).
[2025-03-02 00:05:31] Running plumbing command: codeql database cleanup -- C:\Users\admin\codeql-home\codeql-db\codeql-zero-to-hero\example-codeql-db
[2025-03-02 00:05:31] [PROGRESS] database cleanup> Cleaning up existing TRAP files after import...
[2025-03-02 00:05:31] [PROGRESS] database cleanup> TRAP files cleaned up (10ms).
[2025-03-02 00:05:31] [PROGRESS] database cleanup> Cleaning up scratch directory...
[2025-03-02 00:05:31] [PROGRESS] database cleanup> Scratch directory cleaned up (6ms).
[2025-03-02 00:05:31] Running plumbing command: codeql dataset cleanup -- C:\Users\admin\codeql-home\codeql-db\codeql-zero-to-hero\example-codeql-db\db-python
[2025-03-02 00:05:31] [PROGRESS] dataset cleanup> Cleaning up dataset in C:\Users\admin\codeql-home\codeql-db\codeql-zero-to-hero\example-codeql-db\db-python.
[2025-03-02 00:05:31] Trimming disk cache at C:\Users\admin\codeql-home\codeql-db\codeql-zero-to-hero\example-codeql-db\db-python\default\cache in mode trim.
[2025-03-02 00:05:31] Sequence stamp origin is -6076935777438715651
[2025-03-02 00:05:31] Pausing evaluation to quickly trim memory at sequence stamp o+0
[2025-03-02 00:05:31] Unpausing evaluation
[2025-03-02 00:05:31] Pausing evaluation to zealously trim disk at sequence stamp o+1
[2025-03-02 00:05:31] Unpausing evaluation
[2025-03-02 00:05:31] Trimming completed (3ms): Trimmed disposable data from cache.
[2025-03-02 00:05:31] Pausing evaluation to close the cache at sequence stamp o+2
[2025-03-02 00:05:31] The disk cache is freshly trimmed; leave it be.
[2025-03-02 00:05:31] Unpausing evaluation
[2025-03-02 00:05:31] [PROGRESS] dataset cleanup> Trimmed disposable data from cache.
[2025-03-02 00:05:31] [PROGRESS] dataset cleanup> Finalizing dataset in C:\Users\admin\codeql-home\codeql-db\codeql-zero-to-hero\example-codeql-db\db-python
[2025-03-02 00:05:31] [DETAILS] dataset cleanup> Finished deleting ID pool from C:\Users\admin\codeql-home\codeql-db\codeql-zero-to-hero\example-codeql-db\db-python (4ms).
[2025-03-02 00:05:31] Plumbing command codeql dataset cleanup completed.
[2025-03-02 00:05:31] Plumbing command codeql database cleanup completed with status 0.
[2025-03-02 00:05:31] [PROGRESS] database finalize> Finished zipping source archive (5.36 KiB).
[2025-03-02 00:05:31] Plumbing command codeql database finalize completed.
[2025-03-02 00:05:31] [PROGRESS] database create> Successfully created database at C:\Users\admin\codeql-home\codeql-db\codeql-zero-to-hero\example-codeql-db.
[2025-03-02 00:05:31] Terminating normally.
