[2025-03-02 00:05:24] This is codeql database index-files --include-extension=.yaml --include-extension=.yml --size-limit=5m --language yaml -- C:\Users\admin\codeql-home\codeql-db\codeql-zero-to-hero\example-codeql-db
[2025-03-02 00:05:24] Log file was started late.
[2025-03-02 00:05:24] Using index-files script C:\Users\admin\AppData\Local\GitHub CLI\extensions\gh-codeql\dist\release\v2.20.5\yaml\tools\index-files.cmd.
[2025-03-02 00:05:24] [PROGRESS] database index-files> Scanning for files in C:\Users\admin\codeql-home\codeql-db\codeql-zero-to-hero...
[2025-03-02 00:05:24] Calling plumbing command: codeql resolve files --include-extension=.yaml --include-extension=.yml --size-limit=5m C:\Users\admin\codeql-home\codeql-db\codeql-zero-to-hero --format=json
[2025-03-02 00:05:24] [PROGRESS] resolve files> Scanning C:\Users\admin\codeql-home\codeql-db\codeql-zero-to-hero...
[2025-03-02 00:05:24] [PROGRESS] resolve files> Scanning C:\Users\admin\codeql-home\codeql-db\codeql-zero-to-hero\.git...
[2025-03-02 00:05:24] [PROGRESS] resolve files> Scanning C:\Users\admin\codeql-home\codeql-db\codeql-zero-to-hero\.git\hooks...
[2025-03-02 00:05:24] [PROGRESS] resolve files> Scanning C:\Users\admin\codeql-home\codeql-db\codeql-zero-to-hero\.git\info...
[2025-03-02 00:05:24] [PROGRESS] resolve files> Scanning C:\Users\admin\codeql-home\codeql-db\codeql-zero-to-hero\.git\logs...
[2025-03-02 00:05:24] [PROGRESS] resolve files> Scanning C:\Users\admin\codeql-home\codeql-db\codeql-zero-to-hero\.git\logs\refs...
[2025-03-02 00:05:24] [PROGRESS] resolve files> Scanning C:\Users\admin\codeql-home\codeql-db\codeql-zero-to-hero\.git\logs\refs\heads...
[2025-03-02 00:05:24] [PROGRESS] resolve files> Scanning C:\Users\admin\codeql-home\codeql-db\codeql-zero-to-hero\.git\logs\refs\remotes...
[2025-03-02 00:05:24] [PROGRESS] resolve files> Scanning C:\Users\admin\codeql-home\codeql-db\codeql-zero-to-hero\.git\logs\refs\remotes\origin...
[2025-03-02 00:05:24] [PROGRESS] resolve files> Scanning C:\Users\admin\codeql-home\codeql-db\codeql-zero-to-hero\.git\objects...
[2025-03-02 00:05:24] [PROGRESS] resolve files> Scanning C:\Users\admin\codeql-home\codeql-db\codeql-zero-to-hero\.git\objects\info...
[2025-03-02 00:05:24] [PROGRESS] resolve files> Scanning C:\Users\admin\codeql-home\codeql-db\codeql-zero-to-hero\.git\objects\pack...
[2025-03-02 00:05:24] [PROGRESS] resolve files> Scanning C:\Users\admin\codeql-home\codeql-db\codeql-zero-to-hero\.git\refs...
[2025-03-02 00:05:24] [PROGRESS] resolve files> Scanning C:\Users\admin\codeql-home\codeql-db\codeql-zero-to-hero\.git\refs\heads...
[2025-03-02 00:05:24] [PROGRESS] resolve files> Scanning C:\Users\admin\codeql-home\codeql-db\codeql-zero-to-hero\.git\refs\remotes...
[2025-03-02 00:05:24] [PROGRESS] resolve files> Scanning C:\Users\admin\codeql-home\codeql-db\codeql-zero-to-hero\.git\refs\remotes\origin...
[2025-03-02 00:05:24] [PROGRESS] resolve files> Scanning C:\Users\admin\codeql-home\codeql-db\codeql-zero-to-hero\.git\refs\tags...
[2025-03-02 00:05:24] [PROGRESS] resolve files> Scanning C:\Users\admin\codeql-home\codeql-db\codeql-zero-to-hero\1...
[2025-03-02 00:05:24] [PROGRESS] resolve files> Scanning C:\Users\admin\codeql-home\codeql-db\codeql-zero-to-hero\1\challenge-1...
[2025-03-02 00:05:24] [PROGRESS] resolve files> Scanning C:\Users\admin\codeql-home\codeql-db\codeql-zero-to-hero\1\challenge-2...
[2025-03-02 00:05:24] [PROGRESS] resolve files> Scanning C:\Users\admin\codeql-home\codeql-db\codeql-zero-to-hero\1\challenge-3...
[2025-03-02 00:05:24] [PROGRESS] resolve files> Scanning C:\Users\admin\codeql-home\codeql-db\codeql-zero-to-hero\2...
[2025-03-02 00:05:24] [PROGRESS] resolve files> Scanning C:\Users\admin\codeql-home\codeql-db\codeql-zero-to-hero\2\challenge-1...
[2025-03-02 00:05:24] [PROGRESS] resolve files> Scanning C:\Users\admin\codeql-home\codeql-db\codeql-zero-to-hero\2\challenge-10...
[2025-03-02 00:05:24] [PROGRESS] resolve files> Scanning C:\Users\admin\codeql-home\codeql-db\codeql-zero-to-hero\2\challenge-11...
[2025-03-02 00:05:24] [PROGRESS] resolve files> Scanning C:\Users\admin\codeql-home\codeql-db\codeql-zero-to-hero\2\challenge-12...
[2025-03-02 00:05:24] [PROGRESS] resolve files> Scanning C:\Users\admin\codeql-home\codeql-db\codeql-zero-to-hero\2\challenge-2...
[2025-03-02 00:05:24] [PROGRESS] resolve files> Scanning C:\Users\admin\codeql-home\codeql-db\codeql-zero-to-hero\2\challenge-3...
[2025-03-02 00:05:24] [PROGRESS] resolve files> Scanning C:\Users\admin\codeql-home\codeql-db\codeql-zero-to-hero\2\challenge-4...
[2025-03-02 00:05:24] [PROGRESS] resolve files> Scanning C:\Users\admin\codeql-home\codeql-db\codeql-zero-to-hero\2\challenge-5...
[2025-03-02 00:05:24] [PROGRESS] resolve files> Scanning C:\Users\admin\codeql-home\codeql-db\codeql-zero-to-hero\2\challenge-6...
[2025-03-02 00:05:24] [PROGRESS] resolve files> Scanning C:\Users\admin\codeql-home\codeql-db\codeql-zero-to-hero\2\challenge-7...
[2025-03-02 00:05:24] [PROGRESS] resolve files> Scanning C:\Users\admin\codeql-home\codeql-db\codeql-zero-to-hero\2\challenge-8...
[2025-03-02 00:05:24] [PROGRESS] resolve files> Scanning C:\Users\admin\codeql-home\codeql-db\codeql-zero-to-hero\2\challenge-9...
[2025-03-02 00:05:24] [PROGRESS] resolve files> Scanning C:\Users\admin\codeql-home\codeql-db\codeql-zero-to-hero\3...
[2025-03-02 00:05:24] [PROGRESS] resolve files> Scanning C:\Users\admin\codeql-home\codeql-db\codeql-zero-to-hero\3\1...
[2025-03-02 00:05:24] [PROGRESS] resolve files> Scanning C:\Users\admin\codeql-home\codeql-db\codeql-zero-to-hero\3\10...
[2025-03-02 00:05:24] [PROGRESS] resolve files> Scanning C:\Users\admin\codeql-home\codeql-db\codeql-zero-to-hero\3\11...
[2025-03-02 00:05:24] [PROGRESS] resolve files> Scanning C:\Users\admin\codeql-home\codeql-db\codeql-zero-to-hero\3\2...
[2025-03-02 00:05:24] [PROGRESS] resolve files> Scanning C:\Users\admin\codeql-home\codeql-db\codeql-zero-to-hero\3\3...
[2025-03-02 00:05:24] [PROGRESS] resolve files> Scanning C:\Users\admin\codeql-home\codeql-db\codeql-zero-to-hero\3\4...
[2025-03-02 00:05:24] [PROGRESS] resolve files> Scanning C:\Users\admin\codeql-home\codeql-db\codeql-zero-to-hero\3\5...
[2025-03-02 00:05:24] [PROGRESS] resolve files> Scanning C:\Users\admin\codeql-home\codeql-db\codeql-zero-to-hero\3\6...
[2025-03-02 00:05:24] [PROGRESS] resolve files> Scanning C:\Users\admin\codeql-home\codeql-db\codeql-zero-to-hero\3\7...
[2025-03-02 00:05:24] [PROGRESS] resolve files> Scanning C:\Users\admin\codeql-home\codeql-db\codeql-zero-to-hero\3\8...
[2025-03-02 00:05:24] [PROGRESS] resolve files> Scanning C:\Users\admin\codeql-home\codeql-db\codeql-zero-to-hero\3\9...
[2025-03-02 00:05:24] [PROGRESS] resolve files> Scanning C:\Users\admin\codeql-home\codeql-db\codeql-zero-to-hero\4...
[2025-03-02 00:05:24] [PROGRESS] resolve files> Scanning C:\Users\admin\codeql-home\codeql-db\codeql-zero-to-hero\4\queries...
[2025-03-02 00:05:24] [PROGRESS] resolve files> Scanning C:\Users\admin\codeql-home\codeql-db\codeql-zero-to-hero\4\vulnerable-code-snippets...
[2025-03-02 00:05:24] [PROGRESS] resolve files> Scanning C:\Users\admin\codeql-home\codeql-db\codeql-zero-to-hero\example-codeql-db...
[2025-03-02 00:05:24] [PROGRESS] resolve files> Scanning C:\Users\admin\codeql-home\codeql-db\codeql-zero-to-hero\example-codeql-db\diagnostic...
[2025-03-02 00:05:24] [PROGRESS] resolve files> Scanning C:\Users\admin\codeql-home\codeql-db\codeql-zero-to-hero\example-codeql-db\diagnostic\extractors...
[2025-03-02 00:05:24] [PROGRESS] resolve files> Scanning C:\Users\admin\codeql-home\codeql-db\codeql-zero-to-hero\example-codeql-db\diagnostic\extractors\python...
[2025-03-02 00:05:24] [PROGRESS] resolve files> Scanning C:\Users\admin\codeql-home\codeql-db\codeql-zero-to-hero\example-codeql-db\diagnostic\tracer...
[2025-03-02 00:05:24] [PROGRESS] resolve files> Scanning C:\Users\admin\codeql-home\codeql-db\codeql-zero-to-hero\example-codeql-db\log...
[2025-03-02 00:05:24] [PROGRESS] resolve files> Scanning C:\Users\admin\codeql-home\codeql-db\codeql-zero-to-hero\example-codeql-db\src...
[2025-03-02 00:05:24] [PROGRESS] resolve files> Scanning C:\Users\admin\codeql-home\codeql-db\codeql-zero-to-hero\example-codeql-db\src\C_...
[2025-03-02 00:05:24] [PROGRESS] resolve files> Scanning C:\Users\admin\codeql-home\codeql-db\codeql-zero-to-hero\example-codeql-db\src\C_\Users...
[2025-03-02 00:05:24] [PROGRESS] resolve files> Scanning C:\Users\admin\codeql-home\codeql-db\codeql-zero-to-hero\example-codeql-db\src\C_\Users\admin...
[2025-03-02 00:05:24] [PROGRESS] resolve files> Scanning C:\Users\admin\codeql-home\codeql-db\codeql-zero-to-hero\example-codeql-db\src\C_\Users\admin\codeql-home...
[2025-03-02 00:05:24] [PROGRESS] resolve files> Scanning C:\Users\admin\codeql-home\codeql-db\codeql-zero-to-hero\example-codeql-db\src\C_\Users\admin\codeql-home\codeql-db...
[2025-03-02 00:05:24] [PROGRESS] resolve files> Scanning C:\Users\admin\codeql-home\codeql-db\codeql-zero-to-hero\example-codeql-db\src\C_\Users\admin\codeql-home\codeql-db\codeql-zero-to-hero...
[2025-03-02 00:05:24] [PROGRESS] resolve files> Scanning C:\Users\admin\codeql-home\codeql-db\codeql-zero-to-hero\example-codeql-db\src\C_\Users\admin\codeql-home\codeql-db\codeql-zero-to-hero\2...
[2025-03-02 00:05:24] [PROGRESS] resolve files> Scanning C:\Users\admin\codeql-home\codeql-db\codeql-zero-to-hero\example-codeql-db\src\C_\Users\admin\codeql-home\codeql-db\codeql-zero-to-hero\2\challenge-1...
[2025-03-02 00:05:24] [PROGRESS] resolve files> Scanning C:\Users\admin\codeql-home\codeql-db\codeql-zero-to-hero\example-codeql-db\src\C_\Users\admin\codeql-home\codeql-db\codeql-zero-to-hero\4...
[2025-03-02 00:05:24] [PROGRESS] resolve files> Scanning C:\Users\admin\codeql-home\codeql-db\codeql-zero-to-hero\example-codeql-db\src\C_\Users\admin\codeql-home\codeql-db\codeql-zero-to-hero\4\vulnerable-code-snippets...
[2025-03-02 00:05:24] [PROGRESS] resolve files> Scanning C:\Users\admin\codeql-home\codeql-db\codeql-zero-to-hero\example-codeql-db\trap...
[2025-03-02 00:05:24] [PROGRESS] resolve files> Scanning C:\Users\admin\codeql-home\codeql-db\codeql-zero-to-hero\example-codeql-db\trap\python...
[2025-03-02 00:05:24] [PROGRESS] resolve files> Scanning C:\Users\admin\codeql-home\codeql-db\codeql-zero-to-hero\example-codeql-db\working...
[2025-03-02 00:05:24] [PROGRESS] resolve files> Scanning C:\Users\admin\codeql-home\codeql-db\codeql-zero-to-hero\example-codeql-db\working\trap_cache...
[2025-03-02 00:05:24] [PROGRESS] resolve files> Scanning C:\Users\admin\codeql-home\codeql-db\codeql-zero-to-hero\example-codeql-db\working\trap_cache\1...
[2025-03-02 00:05:24] [PROGRESS] resolve files> Scanning C:\Users\admin\codeql-home\codeql-db\codeql-zero-to-hero\images...
[2025-03-02 00:05:24] Plumbing command codeql resolve files completed:
                      [
                        "C:\\Users\\admin\\codeql-home\\codeql-db\\codeql-zero-to-hero\\example-codeql-db\\codeql-database.yml"
                      ]
[2025-03-02 00:05:24] [DETAILS] database index-files> Found 1 files.
[2025-03-02 00:05:24] [PROGRESS] database index-files> C:\Users\admin\codeql-home\codeql-db\codeql-zero-to-hero\example-codeql-db: Indexing files in in C:\Users\admin\codeql-home\codeql-db\codeql-zero-to-hero...
[2025-03-02 00:05:24] Using index-files script C:\Users\admin\AppData\Local\GitHub CLI\extensions\gh-codeql\dist\release\v2.20.5\yaml\tools\index-files.cmd.
[2025-03-02 00:05:25] [PROGRESS] database index-files> Running command in C:\Users\admin\codeql-home\codeql-db\codeql-zero-to-hero: [C:\Users\admin\AppData\Local\GitHub CLI\extensions\gh-codeql\dist\release\v2.20.5\yaml\tools\index-files.cmd, C:\Users\admin\codeql-home\codeql-db\codeql-zero-to-hero\example-codeql-db\working\files-to-index965234986152719566.list]
[2025-03-02 00:05:26] Terminating normally.
